info it worked if it ends with ok
verbose cli [ 'node', '/home/aoj-d/local/bin/npm', 'install', 'now' ]
info using npm@1.1.0-beta-7
info using node@v0.7.0-pre
verbose config file /home/aoj-d/.npmrc
verbose config file /home/aoj-d/local/etc/npmrc
verbose config file /home/aoj-d/local/lib/node_modules/npm/npmrc
verbose into /mnt/hgfs/W/node/loggerv2 [ 'now' ]
verbose cache add now
verbose cache add [ 'now', null ]
silly cache add: name, spec, args [ undefined, 'now', [ 'now', null ] ]
verbose parsed url { pathname: 'now', path: 'now', href: 'now' }
verbose addNamed [ 'now', '' ]
verbose addNamed [ null, '' ]
silly name, range, hasData [ 'now', '', false ]
verbose raw, before any munging now
verbose url resolving [ 'https://registry.npmjs.org/', './now' ]
verbose url resolved https://registry.npmjs.org/now
verbose etag "7ZWNKSJR3WMB2OTJB88X4B8M9"
http GET https://registry.npmjs.org/now
http 304 https://registry.npmjs.org/now
silly get cb [ 304,
silly get cb   { server: 'CouchDB/1.1.0 (Erlang OTP/R14B04)',
silly get cb     etag: '"7ZWNKSJR3WMB2OTJB88X4B8M9"',
silly get cb     date: 'Sun, 01 Jan 2012 22:46:33 GMT',
silly get cb     'content-length': '0' } ]
verbose etag now from cache
silly name, range, hasData 2 [ 'now', '', true ]
silly versions [ 'now',
silly versions   [ '0.2.0',
silly versions     '0.2.1',
silly versions     '0.2.2',
silly versions     '0.2.3',
silly versions     '0.2.4',
silly versions     '0.3.0',
silly versions     '0.3.1',
silly versions     '0.3.2',
silly versions     '0.5.0',
silly versions     '0.5.1',
silly versions     '0.5.2',
silly versions     '0.5.3',
silly versions     '0.6.0',
silly versions     '0.6.1',
silly versions     '0.7.0',
silly versions     '0.7.1',
silly versions     '0.7.2',
silly versions     '0.7.3',
silly versions     '0.7.4',
silly versions     '0.7.5',
silly versions     '0.7.6' ] ]
verbose bin dist [ null,
verbose bin dist   { shasum: '4ebfa053692abc3a154209311b28d5f8bc077dc3',
verbose bin dist     tarball: 'http://registry.npmjs.org/now/-/now-0.7.6.tgz' } ]
verbose caching /home/aoj-d/.npm/now/0.7.6/package/package.json
verbose loadDefaults now@0.7.6
silly resolved [ { author: { name: 'Flotype' },
silly resolved     name: 'now',
silly resolved     description: 'NowJS: An easy to use real-time RPC library',
silly resolved     version: '0.7.6',
silly resolved     repository: { type: 'git', url: 'git://github.com/Flotype/now.git' },
silly resolved     main: 'lib/server.js',
silly resolved     engines: { node: '>= v0.4.0' },
silly resolved     dependencies: { 'socket.io': '>= 0.8.7', 'node-proxy': '>= 0.4.0' },
silly resolved     devDependencies: {},
silly resolved     _id: 'now@0.7.6',
silly resolved     _engineSupported: true,
silly resolved     _npmVersion: '1.1.0-beta-7',
silly resolved     _nodeVersion: 'v0.7.0-pre',
silly resolved     _defaultsLoaded: true,
silly resolved     scripts: {} } ]
info into /mnt/hgfs/W/node/loggerv2 now@0.7.6
info installOne now@0.7.6
info unbuild /mnt/hgfs/W/node/loggerv2/node_modules/now
verbose from cache /home/aoj-d/.npm/now/0.7.6/package/package.json
verbose mkdir (expected) error ENOENT, no such file or directory '/mnt/hgfs/W/node/loggerv2/node_modules'
verbose mkdir (expected) error ENOENT, no such file or directory '/mnt/hgfs/W/node/loggerv2/node_modules/___now.npm'
verbose mkdir done: /mnt/hgfs/W/node/loggerv2/node_modules/___now.npm 755
verbose unpack_ uid, gid [ undefined, undefined ]
verbose unpackTarget /mnt/hgfs/W/node/loggerv2/node_modules/now
silly gunzTarPerm modes [ '755', '644' ]
silly afterUntar undefined
silly asyncMap in gTP /mnt/hgfs/W/node/loggerv2/node_modules/___now.npm/package
silly asyncMap in gTP /mnt/hgfs/W/node/loggerv2/node_modules/___now.npm/package/.npmignore
silly asyncMap in gTP /mnt/hgfs/W/node/loggerv2/node_modules/___now.npm/package/changelog.md
silly asyncMap in gTP /mnt/hgfs/W/node/loggerv2/node_modules/___now.npm/package/LICENSE
silly asyncMap in gTP /mnt/hgfs/W/node/loggerv2/node_modules/___now.npm/package/package.json
silly asyncMap in gTP /mnt/hgfs/W/node/loggerv2/node_modules/___now.npm/package/readme.md
silly asyncMap in gTP /mnt/hgfs/W/node/loggerv2/node_modules/___now.npm/package/lib
silly asyncMap in gTP /mnt/hgfs/W/node/loggerv2/node_modules/___now.npm/package/lib/fileServer.js
silly asyncMap in gTP /mnt/hgfs/W/node/loggerv2/node_modules/___now.npm/package/lib/handlers.js
silly asyncMap in gTP /mnt/hgfs/W/node/loggerv2/node_modules/___now.npm/package/lib/nowUtil.js
silly asyncMap in gTP /mnt/hgfs/W/node/loggerv2/node_modules/___now.npm/package/lib/function.js
silly asyncMap in gTP /mnt/hgfs/W/node/loggerv2/node_modules/___now.npm/package/lib/proxy.js
silly asyncMap in gTP /mnt/hgfs/W/node/loggerv2/node_modules/___now.npm/package/lib/group.js
silly asyncMap in gTP /mnt/hgfs/W/node/loggerv2/node_modules/___now.npm/package/lib/server.js
silly asyncMap in gTP /mnt/hgfs/W/node/loggerv2/node_modules/___now.npm/package/lib/support.js
silly asyncMap in gTP /mnt/hgfs/W/node/loggerv2/node_modules/___now.npm/package/lib/now.js
silly asyncMap in gTP /mnt/hgfs/W/node/loggerv2/node_modules/___now.npm/package/lib/scopeTable.js
silly asyncMap in gTP /mnt/hgfs/W/node/loggerv2/node_modules/___now.npm/package/lib/user.js
silly asyncMap in gTP /mnt/hgfs/W/node/loggerv2/node_modules/___now.npm/package/lib/client
silly asyncMap in gTP /mnt/hgfs/W/node/loggerv2/node_modules/___now.npm/package/lib/client/now.js
silly asyncMap in gTP /mnt/hgfs/W/node/loggerv2/node_modules/___now.npm/package/examples
silly asyncMap in gTP /mnt/hgfs/W/node/loggerv2/node_modules/___now.npm/package/examples/helloworld_example
silly asyncMap in gTP /mnt/hgfs/W/node/loggerv2/node_modules/___now.npm/package/examples/helloworld_example/helloworld.html
silly asyncMap in gTP /mnt/hgfs/W/node/loggerv2/node_modules/___now.npm/package/examples/helloworld_example/helloworld_server.js
silly asyncMap in gTP /mnt/hgfs/W/node/loggerv2/node_modules/___now.npm/package/examples/multiroomchat_example
silly asyncMap in gTP /mnt/hgfs/W/node/loggerv2/node_modules/___now.npm/package/examples/multiroomchat_example/multiroomchat.html
silly asyncMap in gTP /mnt/hgfs/W/node/loggerv2/node_modules/___now.npm/package/examples/multiroomchat_example/multiroomchat_server.js
silly asyncMap in gTP /mnt/hgfs/W/node/loggerv2/node_modules/___now.npm/package/examples/express_example
silly asyncMap in gTP /mnt/hgfs/W/node/loggerv2/node_modules/___now.npm/package/examples/express_example/app.js
silly asyncMap in gTP /mnt/hgfs/W/node/loggerv2/node_modules/___now.npm/package/examples/express_example/views
silly asyncMap in gTP /mnt/hgfs/W/node/loggerv2/node_modules/___now.npm/package/examples/express_example/views/chat.ejs
silly asyncMap in gTP /mnt/hgfs/W/node/loggerv2/node_modules/___now.npm/package/examples/express_example/views/layout.ejs
silly asyncMap in gTP /mnt/hgfs/W/node/loggerv2/node_modules/___now.npm/package/examples/express_example/views/index.ejs
silly asyncMap in gTP /mnt/hgfs/W/node/loggerv2/node_modules/___now.npm/package/doc
silly asyncMap in gTP /mnt/hgfs/W/node/loggerv2/node_modules/___now.npm/package/doc/public
silly asyncMap in gTP /mnt/hgfs/W/node/loggerv2/node_modules/___now.npm/package/doc/public/company.md
silly asyncMap in gTP /mnt/hgfs/W/node/loggerv2/node_modules/___now.npm/package/doc/public/getting_started.md
silly asyncMap in gTP /mnt/hgfs/W/node/loggerv2/node_modules/___now.npm/package/doc/public/user_manual.md
silly asyncMap in gTP /mnt/hgfs/W/node/loggerv2/node_modules/___now.npm/package/doc/public/best_practices.md
silly asyncMap in gTP /mnt/hgfs/W/node/loggerv2/node_modules/___now.npm/package/doc/public/jobs.md
silly asyncMap in gTP /mnt/hgfs/W/node/loggerv2/node_modules/___now.npm/package/doc/jsdoc
silly asyncMap in gTP /mnt/hgfs/W/node/loggerv2/node_modules/___now.npm/package/doc/jsdoc/files.html
silly asyncMap in gTP /mnt/hgfs/W/node/loggerv2/node_modules/___now.npm/package/doc/jsdoc/index.html
silly asyncMap in gTP /mnt/hgfs/W/node/loggerv2/node_modules/___now.npm/package/doc/jsdoc/symbols
silly asyncMap in gTP /mnt/hgfs/W/node/loggerv2/node_modules/___now.npm/package/doc/jsdoc/symbols/Group.html
silly asyncMap in gTP /mnt/hgfs/W/node/loggerv2/node_modules/___now.npm/package/doc/jsdoc/symbols/User#now.html
silly asyncMap in gTP /mnt/hgfs/W/node/loggerv2/node_modules/___now.npm/package/doc/jsdoc/symbols/Group#now.html
silly asyncMap in gTP /mnt/hgfs/W/node/loggerv2/node_modules/___now.npm/package/doc/jsdoc/symbols/User.html
silly asyncMap in gTP /mnt/hgfs/W/node/loggerv2/node_modules/___now.npm/package/doc/jsdoc/symbols/nowjs.html
silly asyncMap in gTP /mnt/hgfs/W/node/loggerv2/node_modules/___now.npm/package/doc/jsdoc/symbols/_global_.html
silly asyncMap in gTP /mnt/hgfs/W/node/loggerv2/node_modules/___now.npm/package/doc/jsdoc/symbols/User#user.html
silly asyncMap in gTP /mnt/hgfs/W/node/loggerv2/node_modules/___now.npm/package/doc/jsdoc/symbols/src
silly asyncMap in gTP /mnt/hgfs/W/node/loggerv2/node_modules/___now.npm/package/doc/jsdoc/symbols/src/flotype_now_lib_fileServer.js.html
silly asyncMap in gTP /mnt/hgfs/W/node/loggerv2/node_modules/___now.npm/package/doc/jsdoc/symbols/src/flotype_now_lib_handlers.js.html
silly asyncMap in gTP /mnt/hgfs/W/node/loggerv2/node_modules/___now.npm/package/doc/jsdoc/symbols/src/flotype_now_lib_now.js.html
silly asyncMap in gTP /mnt/hgfs/W/node/loggerv2/node_modules/___now.npm/package/doc/jsdoc/symbols/src/flotype_now_lib_function.js.html
silly asyncMap in gTP /mnt/hgfs/W/node/loggerv2/node_modules/___now.npm/package/doc/jsdoc/symbols/src/flotype_now_lib_proxy.js.html
silly asyncMap in gTP /mnt/hgfs/W/node/loggerv2/node_modules/___now.npm/package/doc/jsdoc/symbols/src/flotype_now_lib_group.js.html
silly asyncMap in gTP /mnt/hgfs/W/node/loggerv2/node_modules/___now.npm/package/doc/jsdoc/symbols/src/flotype_now_lib_support.js.html
silly asyncMap in gTP /mnt/hgfs/W/node/loggerv2/node_modules/___now.npm/package/doc/jsdoc/symbols/src/flotype_now_lib_user.js.html
silly asyncMap in gTP /mnt/hgfs/W/node/loggerv2/node_modules/___now.npm/package/doc/jsdoc/symbols/src/flotype_now_lib_server.js.html
silly asyncMap in gTP /mnt/hgfs/W/node/loggerv2/node_modules/___now.npm/package/doc/jsdoc/symbols/src/flotype_now_lib_scopeTable.js.html
silly asyncMap in gTP /mnt/hgfs/W/node/loggerv2/node_modules/___now.npm/package/doc/jsdoc/symbols/src/flotype_now_lib_nowUtil.js.html
silly chmod package 755
silly chmod LICENSE 755
silly chmod package.json 755
silly chmod lib 755
silly chmod nowUtil.js 755
silly chmod changelog.md 755
silly chmod .npmignore 755
silly chmod function.js 755
silly chmod handlers.js 755
silly chmod server.js 755
silly chmod now.js 755
silly chmod group.js 755
silly chmod fileServer.js 755
silly chmod user.js 755
silly chmod examples 755
silly chmod readme.md 755
silly chmod helloworld_example 755
silly chmod support.js 755
silly chmod client 755
silly chmod helloworld_server.js 755
silly chmod helloworld.html 755
silly chmod multiroomchat_server.js 755
silly chmod proxy.js 755
silly chmod scopeTable.js 755
silly chmod now.js 755
silly chmod multiroomchat_example 755
silly chmod layout.ejs 755
silly chmod multiroomchat.html 755
silly chmod doc 755
silly chmod views 755
silly chmod app.js 755
silly chmod public 755
silly chmod express_example 755
silly chmod company.md 755
silly chmod chat.ejs 755
silly chmod index.ejs 755
silly chmod user_manual.md 755
silly chmod files.html 755
silly chmod best_practices.md 755
silly chmod getting_started.md 755
silly chmod jsdoc 755
silly chmod User#now.html 755
silly chmod nowjs.html 755
silly chmod index.html 755
silly chmod Group.html 755
silly chmod _global_.html 755
silly chmod User#user.html 755
silly chmod Group#now.html 755
silly chmod flotype_now_lib_fileServer.js.html 755
silly chmod jobs.md 755
silly chmod symbols 755
silly chmod flotype_now_lib_now.js.html 755
silly chmod flotype_now_lib_function.js.html 755
silly chmod User.html 755
silly chmod flotype_now_lib_user.js.html 755
silly chmod flotype_now_lib_proxy.js.html 755
silly chmod flotype_now_lib_handlers.js.html 755
silly chmod flotype_now_lib_support.js.html 755
silly chmod src 755
silly chmod flotype_now_lib_group.js.html 755
silly chmod flotype_now_lib_nowUtil.js.html 755
silly chmod flotype_now_lib_server.js.html 755
silly chmod flotype_now_lib_scopeTable.js.html 755
verbose gunzed /mnt/hgfs/W/node/loggerv2/node_modules/___now.npm/package
verbose rm'ed /mnt/hgfs/W/node/loggerv2/node_modules/now
verbose renamed [ '/mnt/hgfs/W/node/loggerv2/node_modules/___now.npm/package',
verbose renamed   '/mnt/hgfs/W/node/loggerv2/node_modules/now' ]
verbose caching /mnt/hgfs/W/node/loggerv2/node_modules/now/package.json
verbose loadDefaults now@0.7.6
info preinstall now@0.7.6
verbose from cache /mnt/hgfs/W/node/loggerv2/node_modules/now/package.json
verbose into /mnt/hgfs/W/node/loggerv2/node_modules/now [ 'socket.io@>= 0.8.7', 'node-proxy@>= 0.4.0' ]
verbose cache add node-proxy@>= 0.4.0
verbose cache add [ 'node-proxy@>= 0.4.0', null ]
silly cache add: name, spec, args [ undefined,
silly cache add: name, spec, args   'node-proxy@>= 0.4.0',
silly cache add: name, spec, args   [ 'node-proxy@>= 0.4.0', null ] ]
verbose parsed url { pathname: 'node-proxy@',
verbose parsed url   path: 'node-proxy@',
verbose parsed url   href: 'node-proxy@' }
silly cache add: name, spec, args [ 'node-proxy', '>= 0.4.0', [ 'node-proxy', '>= 0.4.0' ] ]
verbose parsed url { pathname: '=', path: '=', href: '=' }
verbose addNamed [ 'node-proxy', '>= 0.4.0' ]
verbose addNamed [ null, '>=0.4.0' ]
silly name, range, hasData [ 'node-proxy', '>=0.4.0', false ]
verbose raw, before any munging node-proxy
verbose url resolving [ 'https://registry.npmjs.org/', './node-proxy' ]
verbose url resolved https://registry.npmjs.org/node-proxy
verbose etag "DMKF0U2IS06YGY47RMDDE3Q8T"
http GET https://registry.npmjs.org/node-proxy
verbose cache add socket.io@>= 0.8.7
verbose cache add [ 'socket.io@>= 0.8.7', null ]
silly cache add: name, spec, args [ undefined,
silly cache add: name, spec, args   'socket.io@>= 0.8.7',
silly cache add: name, spec, args   [ 'socket.io@>= 0.8.7', null ] ]
verbose parsed url { pathname: 'socket.io@',
verbose parsed url   path: 'socket.io@',
verbose parsed url   href: 'socket.io@' }
silly cache add: name, spec, args [ 'socket.io', '>= 0.8.7', [ 'socket.io', '>= 0.8.7' ] ]
verbose parsed url { pathname: '=', path: '=', href: '=' }
verbose addNamed [ 'socket.io', '>= 0.8.7' ]
verbose addNamed [ null, '>=0.8.7' ]
silly name, range, hasData [ 'socket.io', '>=0.8.7', false ]
verbose raw, before any munging socket.io
verbose url resolving [ 'https://registry.npmjs.org/', './socket.io' ]
verbose url resolved https://registry.npmjs.org/socket.io
verbose etag "3UY6LT7V4RJGD0Y8VIZRUM5VH"
http GET https://registry.npmjs.org/socket.io
http 304 https://registry.npmjs.org/node-proxy
silly get cb [ 304,
silly get cb   { server: 'CouchDB/1.1.0 (Erlang OTP/R14B04)',
silly get cb     etag: '"DMKF0U2IS06YGY47RMDDE3Q8T"',
silly get cb     date: 'Sun, 01 Jan 2012 22:46:36 GMT',
silly get cb     'content-length': '0' } ]
verbose etag node-proxy from cache
silly name, range, hasData 2 [ 'node-proxy', '>=0.4.0', true ]
silly versions [ 'node-proxy',
silly versions   [ '0.3.1', '0.3.2', '0.4.0', '0.5.0', '0.5.1', '0.5.2' ] ]
verbose bin dist [ null,
verbose bin dist   { shasum: 'c22cc7ddf8c2af0bfa32fed30d3c533b216ef893',
verbose bin dist     tarball: 'http://registry.npmjs.org/node-proxy/-/node-proxy-0.5.2.tgz' } ]
WARN node-proxy@0.5.2 package.json: bugs['web'] should probably be bugs['url']
verbose caching /home/aoj-d/.npm/node-proxy/0.5.2/package/package.json
verbose loadDefaults node-proxy@0.5.2
http 304 https://registry.npmjs.org/socket.io
silly get cb [ 304,
silly get cb   { server: 'CouchDB/1.1.0 (Erlang OTP/R14B04)',
silly get cb     etag: '"3UY6LT7V4RJGD0Y8VIZRUM5VH"',
silly get cb     date: 'Sun, 01 Jan 2012 22:46:41 GMT',
silly get cb     'content-length': '0' } ]
verbose etag socket.io from cache
silly name, range, hasData 2 [ 'socket.io', '>=0.8.7', true ]
silly versions [ 'socket.io',
silly versions   [ '0.3.8',
silly versions     '0.4.0',
silly versions     '0.4.1',
silly versions     '0.5.1',
silly versions     '0.5.3',
silly versions     '0.6.0',
silly versions     '0.6.1',
silly versions     '0.6.3',
silly versions     '0.6.4',
silly versions     '0.6.5',
silly versions     '0.6.6',
silly versions     '0.6.7',
silly versions     '0.6.8',
silly versions     '0.6.9',
silly versions     '0.6.10',
silly versions     '0.6.11',
silly versions     '0.6.12',
silly versions     '0.6.14',
silly versions     '0.6.15',
silly versions     '0.6.16',
silly versions     '0.6.17',
silly versions     '0.6.18',
silly versions     '0.7.0',
silly versions     '0.7.1',
silly versions     '0.7.2',
silly versions     '0.7.3',
silly versions     '0.7.4',
silly versions     '0.7.5',
silly versions     '0.7.6',
silly versions     '0.7.7',
silly versions     '0.7.8',
silly versions     '0.7.9',
silly versions     '0.7.10',
silly versions     '0.7.11',
silly versions     '0.8.0',
silly versions     '0.8.1',
silly versions     '0.8.2',
silly versions     '0.8.3',
silly versions     '0.8.4',
silly versions     '0.8.5',
silly versions     '0.8.6',
silly versions     '0.8.7' ] ]
verbose bin dist [ null,
verbose bin dist   { shasum: '98419cb68859a6fc5ec8d49f50dcdbbe2ffd4466',
verbose bin dist     tarball: 'http://registry.npmjs.org/socket.io/-/socket.io-0.8.7.tgz' } ]
verbose caching /home/aoj-d/.npm/socket.io/0.8.7/package/package.json
verbose loadDefaults socket.io@0.8.7
silly resolved [ { name: 'node-proxy',
silly resolved     version: '0.5.2',
silly resolved     description: 'A module for node implementing __noSuchMethod__-type handlers, such as object overloading, as part of the Harmony Catch-All Proxies specification found at http://wiki.ecmascript.org/doku.php?id=harmony:proxies',
silly resolved     keywords: [ 'interceptor', 'proxy', 'overload', '__noSuchMethod__' ],
silly resolved     contributors: 
silly resolved      [ { name: 'Sam Shull',
silly resolved          email: 'http://www.google.com/profiles/brickysam26' },
silly resolved        { name: 'richardms', email: 'https://github.com/richardms' } ],
silly resolved     licenses: 
silly resolved      [ { type: 'MIT',
silly resolved          url: 'http://www.opensource.org/licenses/mit-license.html' } ],
silly resolved     bugs: { url: 'http://github.com/samshull/node-proxy/issues' },
silly resolved     implements: [ 'http://wiki.ecmascript.org/doku.php?id=harmony:proxies' ],
silly resolved     engines: { node: '>=0.1.103' },
silly resolved     repositories: [ { type: 'git', url: 'http://github.com/samshull/node-proxy' } ],
silly resolved     main: './lib/node-proxy.node',
silly resolved     scripts: { install: 'make' },
silly resolved     _id: 'node-proxy@0.5.2',
silly resolved     dependencies: {},
silly resolved     devDependencies: {},
silly resolved     _engineSupported: true,
silly resolved     _npmVersion: '1.1.0-beta-7',
silly resolved     _nodeVersion: 'v0.7.0-pre',
silly resolved     _defaultsLoaded: true },
silly resolved   { name: 'socket.io',
silly resolved     version: '0.8.7',
silly resolved     description: 'Real-time apps made cross-browser & easy with a WebSocket-like API',
silly resolved     homepage: 'http://socket.io',
silly resolved     keywords: [ 'websocket', 'socket', 'realtime', 'socket.io', 'comet', 'ajax' ],
silly resolved     author: { name: 'Guillermo Rauch', email: 'guillermo@learnboost.com' },
silly resolved     contributors: 
silly resolved      [ { name: 'Guillermo Rauch', email: 'rauchg@gmail.com' },
silly resolved        { name: 'Arnout Kazemier', email: 'info@3rd-eden.com' },
silly resolved        { name: 'Vladimir Dronnikov', email: 'dronnikov@gmail.com' },
silly resolved        { name: 'Einar Otto Stangvik', email: 'einaros@gmail.com' } ],
silly resolved     repository: 
silly resolved      { type: 'git',
silly resolved        url: 'git://github.com/LearnBoost/socket.io.git' },
silly resolved     dependencies: 
silly resolved      { 'socket.io-client': '0.8.7',
silly resolved        policyfile: '0.0.4',
silly resolved        redis: '0.6.7' },
silly resolved     devDependencies: 
silly resolved      { expresso: '0.9.2',
silly resolved        should: '0.0.4',
silly resolved        assertvanish: '0.0.3-1',
silly resolved        benchmark: '0.2.2',
silly resolved        microtime: '0.1.3-1',
silly resolved        colors: '0.5.1' },
silly resolved     main: 'index',
silly resolved     engines: { node: '>= 0.4.0' },
silly resolved     _id: 'socket.io@0.8.7',
silly resolved     _engineSupported: true,
silly resolved     _npmVersion: '1.1.0-beta-7',
silly resolved     _nodeVersion: 'v0.7.0-pre',
silly resolved     _defaultsLoaded: true,
silly resolved     scripts: {} } ]
info into /mnt/hgfs/W/node/loggerv2/node_modules/now node-proxy@0.5.2
info into /mnt/hgfs/W/node/loggerv2/node_modules/now socket.io@0.8.7
info installOne node-proxy@0.5.2
info installOne socket.io@0.8.7
info unbuild /mnt/hgfs/W/node/loggerv2/node_modules/now/node_modules/node-proxy
info unbuild /mnt/hgfs/W/node/loggerv2/node_modules/now/node_modules/socket.io
verbose from cache /home/aoj-d/.npm/node-proxy/0.5.2/package/package.json
verbose from cache /home/aoj-d/.npm/socket.io/0.8.7/package/package.json
verbose mkdir (expected) error ENOENT, no such file or directory '/mnt/hgfs/W/node/loggerv2/node_modules/now/node_modules'
verbose mkdir (expected) error ENOENT, no such file or directory '/mnt/hgfs/W/node/loggerv2/node_modules/now/node_modules/___socket.io.npm'
verbose mkdir done: /mnt/hgfs/W/node/loggerv2/node_modules/now/node_modules/___socket.io.npm 755
verbose unpack_ uid, gid [ undefined, undefined ]
verbose unpackTarget /mnt/hgfs/W/node/loggerv2/node_modules/now/node_modules/socket.io
silly gunzTarPerm modes [ '755', '644' ]
verbose mkdir (expected) error ENOENT, no such file or directory '/mnt/hgfs/W/node/loggerv2/node_modules/now/node_modules/___node-proxy.npm'
verbose mkdir done: /mnt/hgfs/W/node/loggerv2/node_modules/now/node_modules/___node-proxy.npm 755
verbose unpack_ uid, gid [ undefined, undefined ]
verbose unpackTarget /mnt/hgfs/W/node/loggerv2/node_modules/now/node_modules/node-proxy
silly gunzTarPerm modes [ '755', '644' ]
silly afterUntar undefined
silly asyncMap in gTP /mnt/hgfs/W/node/loggerv2/node_modules/now/node_modules/___node-proxy.npm/package
silly asyncMap in gTP /mnt/hgfs/W/node/loggerv2/node_modules/now/node_modules/___node-proxy.npm/package/.gitignore
silly asyncMap in gTP /mnt/hgfs/W/node/loggerv2/node_modules/now/node_modules/___node-proxy.npm/package/LICENSE.txt
silly asyncMap in gTP /mnt/hgfs/W/node/loggerv2/node_modules/now/node_modules/___node-proxy.npm/package/Makefile
silly asyncMap in gTP /mnt/hgfs/W/node/loggerv2/node_modules/now/node_modules/___node-proxy.npm/package/README.txt
silly asyncMap in gTP /mnt/hgfs/W/node/loggerv2/node_modules/now/node_modules/___node-proxy.npm/package/remove_scope_close.diff
silly asyncMap in gTP /mnt/hgfs/W/node/loggerv2/node_modules/now/node_modules/___node-proxy.npm/package/package.json
silly asyncMap in gTP /mnt/hgfs/W/node/loggerv2/node_modules/now/node_modules/___node-proxy.npm/package/lib
silly asyncMap in gTP /mnt/hgfs/W/node/loggerv2/node_modules/now/node_modules/___node-proxy.npm/package/lib/.gitignore
silly asyncMap in gTP /mnt/hgfs/W/node/loggerv2/node_modules/now/node_modules/___node-proxy.npm/package/test
silly asyncMap in gTP /mnt/hgfs/W/node/loggerv2/node_modules/now/node_modules/___node-proxy.npm/package/test/test.js
silly asyncMap in gTP /mnt/hgfs/W/node/loggerv2/node_modules/now/node_modules/___node-proxy.npm/package/src
silly asyncMap in gTP /mnt/hgfs/W/node/loggerv2/node_modules/now/node_modules/___node-proxy.npm/package/src/node-proxy.cc
silly asyncMap in gTP /mnt/hgfs/W/node/loggerv2/node_modules/now/node_modules/___node-proxy.npm/package/src/wscript
silly asyncMap in gTP /mnt/hgfs/W/node/loggerv2/node_modules/now/node_modules/___node-proxy.npm/package/src/node-proxy.h
silly asyncMap in gTP /mnt/hgfs/W/node/loggerv2/node_modules/now/node_modules/___node-proxy.npm/package/src/build
silly asyncMap in gTP /mnt/hgfs/W/node/loggerv2/node_modules/now/node_modules/___node-proxy.npm/package/src/build/.wafpickle-7
silly asyncMap in gTP /mnt/hgfs/W/node/loggerv2/node_modules/now/node_modules/___node-proxy.npm/package/src/build/config.log
silly asyncMap in gTP /mnt/hgfs/W/node/loggerv2/node_modules/now/node_modules/___node-proxy.npm/package/src/build/c4che
silly asyncMap in gTP /mnt/hgfs/W/node/loggerv2/node_modules/now/node_modules/___node-proxy.npm/package/src/build/c4che/default.cache.py
silly asyncMap in gTP /mnt/hgfs/W/node/loggerv2/node_modules/now/node_modules/___node-proxy.npm/package/src/build/c4che/build.config.py
silly asyncMap in gTP /mnt/hgfs/W/node/loggerv2/node_modules/now/node_modules/___node-proxy.npm/package/src/build/default
silly asyncMap in gTP /mnt/hgfs/W/node/loggerv2/node_modules/now/node_modules/___node-proxy.npm/package/src/build/default/node-proxy_1.o
silly asyncMap in gTP /mnt/hgfs/W/node/loggerv2/node_modules/now/node_modules/___node-proxy.npm/package/src/build/default/node-proxy.node
silly asyncMap in gTP /mnt/hgfs/W/node/loggerv2/node_modules/now/node_modules/___node-proxy.npm/package/examples
silly asyncMap in gTP /mnt/hgfs/W/node/loggerv2/node_modules/now/node_modules/___node-proxy.npm/package/examples/autoload-namespace
silly asyncMap in gTP /mnt/hgfs/W/node/loggerv2/node_modules/now/node_modules/___node-proxy.npm/package/examples/autoload-namespace/autoload-namespace.js
silly asyncMap in gTP /mnt/hgfs/W/node/loggerv2/node_modules/now/node_modules/___node-proxy.npm/package/examples/autoload-namespace/autoload-test.js
silly asyncMap in gTP /mnt/hgfs/W/node/loggerv2/node_modules/now/node_modules/___node-proxy.npm/package/examples/autoload-namespace/org
silly asyncMap in gTP /mnt/hgfs/W/node/loggerv2/node_modules/now/node_modules/___node-proxy.npm/package/examples/autoload-namespace/org/w3c
silly asyncMap in gTP /mnt/hgfs/W/node/loggerv2/node_modules/now/node_modules/___node-proxy.npm/package/examples/autoload-namespace/org/w3c/DOM
silly asyncMap in gTP /mnt/hgfs/W/node/loggerv2/node_modules/now/node_modules/___node-proxy.npm/package/examples/autoload-namespace/org/w3c/DOM/Document.js
silly asyncMap in gTP /mnt/hgfs/W/node/loggerv2/node_modules/now/node_modules/___node-proxy.npm/package/examples/autoload-namespace/org/w3c/DOM/Document
silly asyncMap in gTP /mnt/hgfs/W/node/loggerv2/node_modules/now/node_modules/___node-proxy.npm/package/examples/autoload-namespace/org/w3c/DOM/Document/String
silly asyncMap in gTP /mnt/hgfs/W/node/loggerv2/node_modules/now/node_modules/___node-proxy.npm/package/examples/autoload-namespace/org/w3c/DOM/Document/String/Test.js
silly chmod package 755
silly chmod remove_scope_close.diff 755
silly chmod README.txt 755
silly chmod LICENSE.txt 755
silly chmod lib 755
silly chmod .gitignore 755
silly chmod Makefile 755
silly chmod test.js 755
silly chmod .gitignore 755
silly chmod node-proxy.h 755
silly chmod wscript 755
silly chmod package.json 755
silly chmod test 755
silly chmod src 755
silly chmod node-proxy.cc 755
silly chmod default 755
silly chmod config.log 755
silly chmod c4che 755
silly chmod build 755
silly chmod build.config.py 755
silly chmod default.cache.py 755
silly chmod examples 755
silly chmod .wafpickle-7 755
silly chmod node-proxy.node 755
silly chmod node-proxy_1.o 755
silly chmod autoload-namespace 755
silly chmod org 755
silly chmod Document 755
silly chmod autoload-test.js 755
silly chmod autoload-namespace.js 755
silly chmod DOM 755
silly chmod String 755
silly chmod w3c 755
silly chmod Document.js 755
silly chmod Test.js 755
verbose gunzed /mnt/hgfs/W/node/loggerv2/node_modules/now/node_modules/___node-proxy.npm/package
verbose rm'ed /mnt/hgfs/W/node/loggerv2/node_modules/now/node_modules/node-proxy
verbose renamed [ '/mnt/hgfs/W/node/loggerv2/node_modules/now/node_modules/___node-proxy.npm/package',
verbose renamed   '/mnt/hgfs/W/node/loggerv2/node_modules/now/node_modules/node-proxy' ]
verbose caching /mnt/hgfs/W/node/loggerv2/node_modules/now/node_modules/node-proxy/package.json
verbose loadDefaults node-proxy@0.5.2
info preinstall node-proxy@0.5.2
verbose from cache /mnt/hgfs/W/node/loggerv2/node_modules/now/node_modules/node-proxy/package.json
verbose into /mnt/hgfs/W/node/loggerv2/node_modules/now/node_modules/node-proxy []
silly resolved []
verbose about to build /mnt/hgfs/W/node/loggerv2/node_modules/now/node_modules/node-proxy
info build /mnt/hgfs/W/node/loggerv2/node_modules/now/node_modules/node-proxy
verbose from cache /mnt/hgfs/W/node/loggerv2/node_modules/now/node_modules/node-proxy/package.json
verbose linkStuff [ false,
verbose linkStuff   false,
verbose linkStuff   false,
verbose linkStuff   '/mnt/hgfs/W/node/loggerv2/node_modules/now/node_modules' ]
info linkStuff node-proxy@0.5.2
verbose linkBins node-proxy@0.5.2
verbose linkMans node-proxy@0.5.2
verbose rebuildBundles node-proxy@0.5.2
info install node-proxy@0.5.2
verbose unsafe-perm in lifecycle true
silly exec sh "-c" "make"
silly spawning [ 'sh',
silly spawning   [ '-c', 'make' ],
silly spawning   '/mnt/hgfs/W/node/loggerv2/node_modules/now/node_modules/node-proxy' ]
silly afterUntar undefined
silly asyncMap in gTP /mnt/hgfs/W/node/loggerv2/node_modules/now/node_modules/___socket.io.npm/package
silly asyncMap in gTP /mnt/hgfs/W/node/loggerv2/node_modules/now/node_modules/___socket.io.npm/package/.npmignore
silly asyncMap in gTP /mnt/hgfs/W/node/loggerv2/node_modules/now/node_modules/___socket.io.npm/package/History.md
silly asyncMap in gTP /mnt/hgfs/W/node/loggerv2/node_modules/now/node_modules/___socket.io.npm/package/package.json
silly asyncMap in gTP /mnt/hgfs/W/node/loggerv2/node_modules/now/node_modules/___socket.io.npm/package/Readme.md
silly asyncMap in gTP /mnt/hgfs/W/node/loggerv2/node_modules/now/node_modules/___socket.io.npm/package/index.js
silly asyncMap in gTP /mnt/hgfs/W/node/loggerv2/node_modules/now/node_modules/___socket.io.npm/package/Makefile
silly asyncMap in gTP /mnt/hgfs/W/node/loggerv2/node_modules/now/node_modules/___socket.io.npm/package/benchmarks
silly asyncMap in gTP /mnt/hgfs/W/node/loggerv2/node_modules/now/node_modules/___socket.io.npm/package/benchmarks/decode.bench.js
silly asyncMap in gTP /mnt/hgfs/W/node/loggerv2/node_modules/now/node_modules/___socket.io.npm/package/benchmarks/encode.bench.js
silly asyncMap in gTP /mnt/hgfs/W/node/loggerv2/node_modules/now/node_modules/___socket.io.npm/package/benchmarks/runner.js
silly asyncMap in gTP /mnt/hgfs/W/node/loggerv2/node_modules/now/node_modules/___socket.io.npm/package/support
silly asyncMap in gTP /mnt/hgfs/W/node/loggerv2/node_modules/now/node_modules/___socket.io.npm/package/support/node-websocket-client
silly asyncMap in gTP /mnt/hgfs/W/node/loggerv2/node_modules/now/node_modules/___socket.io.npm/package/support/node-websocket-client/Makefile
silly asyncMap in gTP /mnt/hgfs/W/node/loggerv2/node_modules/now/node_modules/___socket.io.npm/package/support/node-websocket-client/README.md
silly asyncMap in gTP /mnt/hgfs/W/node/loggerv2/node_modules/now/node_modules/___socket.io.npm/package/support/node-websocket-client/LICENSE
silly asyncMap in gTP /mnt/hgfs/W/node/loggerv2/node_modules/now/node_modules/___socket.io.npm/package/support/node-websocket-client/package.json
silly asyncMap in gTP /mnt/hgfs/W/node/loggerv2/node_modules/now/node_modules/___socket.io.npm/package/support/node-websocket-client/lib
silly asyncMap in gTP /mnt/hgfs/W/node/loggerv2/node_modules/now/node_modules/___socket.io.npm/package/support/node-websocket-client/lib/websocket.js
silly asyncMap in gTP /mnt/hgfs/W/node/loggerv2/node_modules/now/node_modules/___socket.io.npm/package/support/node-websocket-client/examples
silly asyncMap in gTP /mnt/hgfs/W/node/loggerv2/node_modules/now/node_modules/___socket.io.npm/package/support/node-websocket-client/examples/client.js
silly asyncMap in gTP /mnt/hgfs/W/node/loggerv2/node_modules/now/node_modules/___socket.io.npm/package/support/node-websocket-client/examples/client-unix.js
silly asyncMap in gTP /mnt/hgfs/W/node/loggerv2/node_modules/now/node_modules/___socket.io.npm/package/support/node-websocket-client/examples/server-unix.js
silly asyncMap in gTP /mnt/hgfs/W/node/loggerv2/node_modules/now/node_modules/___socket.io.npm/package/support/node-websocket-client/test
silly asyncMap in gTP /mnt/hgfs/W/node/loggerv2/node_modules/now/node_modules/___socket.io.npm/package/support/node-websocket-client/test/test-basic.js
silly asyncMap in gTP /mnt/hgfs/W/node/loggerv2/node_modules/now/node_modules/___socket.io.npm/package/support/node-websocket-client/test/test-client-close.js
silly asyncMap in gTP /mnt/hgfs/W/node/loggerv2/node_modules/now/node_modules/___socket.io.npm/package/support/node-websocket-client/test/test-ready-state.js
silly asyncMap in gTP /mnt/hgfs/W/node/loggerv2/node_modules/now/node_modules/___socket.io.npm/package/support/node-websocket-client/test/test-readonly-attrs.js
silly asyncMap in gTP /mnt/hgfs/W/node/loggerv2/node_modules/now/node_modules/___socket.io.npm/package/support/node-websocket-client/test/test-server-close.js
silly asyncMap in gTP /mnt/hgfs/W/node/loggerv2/node_modules/now/node_modules/___socket.io.npm/package/support/node-websocket-client/test/test-unix-sockets.js
silly asyncMap in gTP /mnt/hgfs/W/node/loggerv2/node_modules/now/node_modules/___socket.io.npm/package/support/node-websocket-client/test/test-unix-send-fd.js
silly asyncMap in gTP /mnt/hgfs/W/node/loggerv2/node_modules/now/node_modules/___socket.io.npm/package/examples
silly asyncMap in gTP /mnt/hgfs/W/node/loggerv2/node_modules/now/node_modules/___socket.io.npm/package/examples/irc-output
silly asyncMap in gTP /mnt/hgfs/W/node/loggerv2/node_modules/now/node_modules/___socket.io.npm/package/examples/irc-output/app.js
silly asyncMap in gTP /mnt/hgfs/W/node/loggerv2/node_modules/now/node_modules/___socket.io.npm/package/examples/irc-output/irc.js
silly asyncMap in gTP /mnt/hgfs/W/node/loggerv2/node_modules/now/node_modules/___socket.io.npm/package/examples/irc-output/index.jade
silly asyncMap in gTP /mnt/hgfs/W/node/loggerv2/node_modules/now/node_modules/___socket.io.npm/package/examples/irc-output/package.json
silly asyncMap in gTP /mnt/hgfs/W/node/loggerv2/node_modules/now/node_modules/___socket.io.npm/package/examples/irc-output/public
silly asyncMap in gTP /mnt/hgfs/W/node/loggerv2/node_modules/now/node_modules/___socket.io.npm/package/examples/irc-output/public/stylesheets
silly asyncMap in gTP /mnt/hgfs/W/node/loggerv2/node_modules/now/node_modules/___socket.io.npm/package/examples/irc-output/public/stylesheets/style.styl
silly asyncMap in gTP /mnt/hgfs/W/node/loggerv2/node_modules/now/node_modules/___socket.io.npm/package/examples/chat
silly asyncMap in gTP /mnt/hgfs/W/node/loggerv2/node_modules/now/node_modules/___socket.io.npm/package/examples/chat/index.jade
silly asyncMap in gTP /mnt/hgfs/W/node/loggerv2/node_modules/now/node_modules/___socket.io.npm/package/examples/chat/package.json
silly asyncMap in gTP /mnt/hgfs/W/node/loggerv2/node_modules/now/node_modules/___socket.io.npm/package/examples/chat/app.js
silly asyncMap in gTP /mnt/hgfs/W/node/loggerv2/node_modules/now/node_modules/___socket.io.npm/package/examples/chat/public
silly asyncMap in gTP /mnt/hgfs/W/node/loggerv2/node_modules/now/node_modules/___socket.io.npm/package/examples/chat/public/stylesheets
silly asyncMap in gTP /mnt/hgfs/W/node/loggerv2/node_modules/now/node_modules/___socket.io.npm/package/examples/chat/public/stylesheets/mixins.styl
silly asyncMap in gTP /mnt/hgfs/W/node/loggerv2/node_modules/now/node_modules/___socket.io.npm/package/examples/chat/public/stylesheets/style.css
silly asyncMap in gTP /mnt/hgfs/W/node/loggerv2/node_modules/now/node_modules/___socket.io.npm/package/examples/chat/public/stylesheets/style.styl
silly asyncMap in gTP /mnt/hgfs/W/node/loggerv2/node_modules/now/node_modules/___socket.io.npm/package/lib
silly asyncMap in gTP /mnt/hgfs/W/node/loggerv2/node_modules/now/node_modules/___socket.io.npm/package/lib/logger.js
silly asyncMap in gTP /mnt/hgfs/W/node/loggerv2/node_modules/now/node_modules/___socket.io.npm/package/lib/namespace.js
silly asyncMap in gTP /mnt/hgfs/W/node/loggerv2/node_modules/now/node_modules/___socket.io.npm/package/lib/parser.js
silly asyncMap in gTP /mnt/hgfs/W/node/loggerv2/node_modules/now/node_modules/___socket.io.npm/package/lib/socket.js
silly asyncMap in gTP /mnt/hgfs/W/node/loggerv2/node_modules/now/node_modules/___socket.io.npm/package/lib/store.js
silly asyncMap in gTP /mnt/hgfs/W/node/loggerv2/node_modules/now/node_modules/___socket.io.npm/package/lib/manager.js
silly asyncMap in gTP /mnt/hgfs/W/node/loggerv2/node_modules/now/node_modules/___socket.io.npm/package/lib/static.js
silly asyncMap in gTP /mnt/hgfs/W/node/loggerv2/node_modules/now/node_modules/___socket.io.npm/package/lib/util.js
silly asyncMap in gTP /mnt/hgfs/W/node/loggerv2/node_modules/now/node_modules/___socket.io.npm/package/lib/socket.io.js
silly asyncMap in gTP /mnt/hgfs/W/node/loggerv2/node_modules/now/node_modules/___socket.io.npm/package/lib/transport.js
silly asyncMap in gTP /mnt/hgfs/W/node/loggerv2/node_modules/now/node_modules/___socket.io.npm/package/lib/stores
silly asyncMap in gTP /mnt/hgfs/W/node/loggerv2/node_modules/now/node_modules/___socket.io.npm/package/lib/stores/memory.js
silly asyncMap in gTP /mnt/hgfs/W/node/loggerv2/node_modules/now/node_modules/___socket.io.npm/package/lib/stores/redis.js
silly asyncMap in gTP /mnt/hgfs/W/node/loggerv2/node_modules/now/node_modules/___socket.io.npm/package/lib/transports
silly asyncMap in gTP /mnt/hgfs/W/node/loggerv2/node_modules/now/node_modules/___socket.io.npm/package/lib/transports/flashsocket.js
silly asyncMap in gTP /mnt/hgfs/W/node/loggerv2/node_modules/now/node_modules/___socket.io.npm/package/lib/transports/http-polling.js
silly asyncMap in gTP /mnt/hgfs/W/node/loggerv2/node_modules/now/node_modules/___socket.io.npm/package/lib/transports/http.js
silly asyncMap in gTP /mnt/hgfs/W/node/loggerv2/node_modules/now/node_modules/___socket.io.npm/package/lib/transports/jsonp-polling.js
silly asyncMap in gTP /mnt/hgfs/W/node/loggerv2/node_modules/now/node_modules/___socket.io.npm/package/lib/transports/websocket.js
silly asyncMap in gTP /mnt/hgfs/W/node/loggerv2/node_modules/now/node_modules/___socket.io.npm/package/lib/transports/htmlfile.js
silly asyncMap in gTP /mnt/hgfs/W/node/loggerv2/node_modules/now/node_modules/___socket.io.npm/package/lib/transports/xhr-polling.js
silly asyncMap in gTP /mnt/hgfs/W/node/loggerv2/node_modules/now/node_modules/___socket.io.npm/package/lib/transports/index.js
silly asyncMap in gTP /mnt/hgfs/W/node/loggerv2/node_modules/now/node_modules/___socket.io.npm/package/lib/transports/websocket
silly asyncMap in gTP /mnt/hgfs/W/node/loggerv2/node_modules/now/node_modules/___socket.io.npm/package/lib/transports/websocket/default.js
silly asyncMap in gTP /mnt/hgfs/W/node/loggerv2/node_modules/now/node_modules/___socket.io.npm/package/lib/transports/websocket/hybi-17.js
silly asyncMap in gTP /mnt/hgfs/W/node/loggerv2/node_modules/now/node_modules/___socket.io.npm/package/lib/transports/websocket/hybi-07-12.js
silly asyncMap in gTP /mnt/hgfs/W/node/loggerv2/node_modules/now/node_modules/___socket.io.npm/package/lib/transports/websocket/hybi-16.js
silly asyncMap in gTP /mnt/hgfs/W/node/loggerv2/node_modules/now/node_modules/___socket.io.npm/package/lib/transports/websocket/index.js
silly chmod package 755
silly chmod .npmignore 755
silly chmod package.json 755
silly chmod Readme.md 755
silly chmod benchmarks 755
silly chmod encode.bench.js 755
silly chmod support 755
silly chmod Makefile 755
silly chmod History.md 755
silly chmod LICENSE 755
silly chmod README.md 755
silly chmod decode.bench.js 755
silly chmod index.js 755
silly chmod Makefile 755
silly chmod lib 755
silly chmod node-websocket-client 755
silly chmod websocket.js 755
silly chmod client.js 755
silly chmod runner.js 755
silly chmod server-unix.js 755
silly chmod package.json 755
silly chmod client-unix.js 755
silly chmod examples 755
silly chmod test 755
silly chmod test-basic.js 755
silly chmod test-client-close.js 755
silly chmod test-server-close.js 755
silly chmod examples 755
silly chmod irc-output 755
silly chmod test-ready-state.js 755
silly chmod test-readonly-attrs.js 755
silly chmod test-unix-sockets.js 755
silly chmod package.json 755
silly chmod stylesheets 755
silly chmod test-unix-send-fd.js 755
silly chmod index.jade 755
silly chmod chat 755
silly chmod irc.js 755
silly chmod package.json 755
silly chmod stylesheets 755
silly chmod app.js 755
silly chmod index.jade 755
silly chmod public 755
silly chmod style.styl 755
silly chmod public 755
silly chmod lib 755
silly chmod parser.js 755
silly chmod style.css 755
silly chmod logger.js 755
silly chmod store.js 755
silly chmod namespace.js 755
silly chmod mixins.styl 755
silly chmod app.js 755
silly chmod socket.js 755
silly chmod util.js 755
silly chmod socket.io.js 755
silly chmod redis.js 755
silly chmod static.js 755
silly chmod style.styl 755
silly chmod manager.js 755
silly chmod transports 755
silly chmod memory.js 755
silly chmod http-polling.js 755
silly chmod htmlfile.js 755
silly chmod stores 755
silly chmod flashsocket.js 755
silly chmod transport.js 755
silly chmod http.js 755
silly chmod jsonp-polling.js 755
silly chmod websocket.js 755
silly chmod xhr-polling.js 755
silly chmod index.js 755
silly chmod default.js 755
silly chmod hybi-17.js 755
silly chmod hybi-07-12.js 755
silly chmod websocket 755
silly chmod hybi-16.js 755
silly chmod index.js 755
verbose gunzed /mnt/hgfs/W/node/loggerv2/node_modules/now/node_modules/___socket.io.npm/package
verbose rm'ed /mnt/hgfs/W/node/loggerv2/node_modules/now/node_modules/socket.io
verbose renamed [ '/mnt/hgfs/W/node/loggerv2/node_modules/now/node_modules/___socket.io.npm/package',
verbose renamed   '/mnt/hgfs/W/node/loggerv2/node_modules/now/node_modules/socket.io' ]
verbose caching /mnt/hgfs/W/node/loggerv2/node_modules/now/node_modules/socket.io/package.json
verbose loadDefaults socket.io@0.8.7
info preinstall socket.io@0.8.7
verbose from cache /mnt/hgfs/W/node/loggerv2/node_modules/now/node_modules/socket.io/package.json
verbose into /mnt/hgfs/W/node/loggerv2/node_modules/now/node_modules/socket.io [ 'socket.io-client@0.8.7', 'policyfile@0.0.4', 'redis@0.6.7' ]
verbose cache add redis@0.6.7
verbose cache add [ 'redis@0.6.7', null ]
silly cache add: name, spec, args [ undefined, 'redis@0.6.7', [ 'redis@0.6.7', null ] ]
verbose parsed url { pathname: 'redis@0.6.7',
verbose parsed url   path: 'redis@0.6.7',
verbose parsed url   href: 'redis@0.6.7' }
silly cache add: name, spec, args [ 'redis', '0.6.7', [ 'redis', '0.6.7' ] ]
verbose parsed url { pathname: '0.6.7', path: '0.6.7', href: '0.6.7' }
verbose addNamed [ 'redis', '0.6.7' ]
verbose addNamed [ '0.6.7', '0.6.7' ]
verbose raw, before any munging redis/0.6.7
verbose url resolving [ 'https://registry.npmjs.org/', './redis/0.6.7' ]
verbose url resolved https://registry.npmjs.org/redis/0.6.7
verbose etag "6EJ2R7IDXH4IQ5DI6VH7NJV9"
http GET https://registry.npmjs.org/redis/0.6.7
verbose cache add socket.io-client@0.8.7
verbose cache add [ 'socket.io-client@0.8.7', null ]
silly cache add: name, spec, args [ undefined,
silly cache add: name, spec, args   'socket.io-client@0.8.7',
silly cache add: name, spec, args   [ 'socket.io-client@0.8.7', null ] ]
verbose parsed url { pathname: 'socket.io-client@0.8.7',
verbose parsed url   path: 'socket.io-client@0.8.7',
verbose parsed url   href: 'socket.io-client@0.8.7' }
silly cache add: name, spec, args [ 'socket.io-client', '0.8.7', [ 'socket.io-client', '0.8.7' ] ]
verbose parsed url { pathname: '0.8.7', path: '0.8.7', href: '0.8.7' }
verbose addNamed [ 'socket.io-client', '0.8.7' ]
verbose addNamed [ '0.8.7', '0.8.7' ]
verbose cache add policyfile@0.0.4
verbose cache add [ 'policyfile@0.0.4', null ]
silly cache add: name, spec, args [ undefined, 'policyfile@0.0.4', [ 'policyfile@0.0.4', null ] ]
verbose parsed url { pathname: 'policyfile@0.0.4',
verbose parsed url   path: 'policyfile@0.0.4',
verbose parsed url   href: 'policyfile@0.0.4' }
silly cache add: name, spec, args [ 'policyfile', '0.0.4', [ 'policyfile', '0.0.4' ] ]
verbose parsed url { pathname: '0.0.4', path: '0.0.4', href: '0.0.4' }
verbose addNamed [ 'policyfile', '0.0.4' ]
verbose addNamed [ '0.0.4', '0.0.4' ]
verbose raw, before any munging socket.io-client/0.8.7
verbose url resolving [ 'https://registry.npmjs.org/', './socket.io-client/0.8.7' ]
verbose url resolved https://registry.npmjs.org/socket.io-client/0.8.7
verbose etag "K1ITMOT1YOWDV5IN7YGZWTMZ"
http GET https://registry.npmjs.org/socket.io-client/0.8.7
verbose raw, before any munging policyfile/0.0.4
verbose url resolving [ 'https://registry.npmjs.org/', './policyfile/0.0.4' ]
verbose url resolved https://registry.npmjs.org/policyfile/0.0.4
verbose etag "91JSZH29OSYQSLA2MZY0AD63X"
http GET https://registry.npmjs.org/policyfile/0.0.4
http 304 https://registry.npmjs.org/redis/0.6.7
silly get cb [ 304,
silly get cb   { server: 'CouchDB/1.1.0 (Erlang OTP/R14B04)',
silly get cb     etag: '"6EJ2R7IDXH4IQ5DI6VH7NJV9"',
silly get cb     date: 'Sun, 01 Jan 2012 22:46:47 GMT',
silly get cb     'content-length': '0' } ]
verbose etag redis/0.6.7 from cache
verbose bin dist [ null,
verbose bin dist   { shasum: '0f17f913468a5cb2bf0864e4d56669d058668d46',
verbose bin dist     tarball: 'http://registry.npmjs.org/redis/-/redis-0.6.7.tgz' } ]
verbose caching /home/aoj-d/.npm/redis/0.6.7/package/package.json
verbose loadDefaults redis@0.6.7
http 304 https://registry.npmjs.org/socket.io-client/0.8.7
silly get cb [ 304,
silly get cb   { server: 'CouchDB/1.1.0 (Erlang OTP/R14B04)',
silly get cb     etag: '"K1ITMOT1YOWDV5IN7YGZWTMZ"',
silly get cb     date: 'Sun, 01 Jan 2012 22:46:47 GMT',
silly get cb     'content-length': '0' } ]
verbose etag socket.io-client/0.8.7 from cache
verbose bin dist [ null,
verbose bin dist   { shasum: '61c5953acbefebcd45dd47d0c8b1ad8a5bf86e1b',
verbose bin dist     tarball: 'http://registry.npmjs.org/socket.io-client/-/socket.io-client-0.8.7.tgz' } ]
verbose caching /home/aoj-d/.npm/socket.io-client/0.8.7/package/package.json
verbose loadDefaults socket.io-client@0.8.7
http 304 https://registry.npmjs.org/policyfile/0.0.4
silly get cb [ 304,
silly get cb   { server: 'CouchDB/1.1.0 (Erlang OTP/R14B04)',
silly get cb     etag: '"91JSZH29OSYQSLA2MZY0AD63X"',
silly get cb     date: 'Sun, 01 Jan 2012 22:46:47 GMT',
silly get cb     'content-length': '0' } ]
verbose etag policyfile/0.0.4 from cache
verbose bin dist [ null,
verbose bin dist   { shasum: 'd6b82ead98ae79ebe228e2daf5903311ec982e4d',
verbose bin dist     tarball: 'http://registry.npmjs.org/policyfile/-/policyfile-0.0.4.tgz' } ]
verbose caching /home/aoj-d/.npm/policyfile/0.0.4/package/package.json
verbose loadDefaults policyfile@0.0.4
silly resolved [ { name: 'redis',
silly resolved     version: '0.6.7',
silly resolved     description: 'Redis client library',
silly resolved     author: { name: 'Matt Ranney', email: 'mjr@ranney.com' },
silly resolved     contributors: 
silly resolved      [ { name: 'Rick Olson' },
silly resolved        { name: 'Tim-Smart' },
silly resolved        { name: 'TJ Holowaychuk' },
silly resolved        { name: 'Orion Henry' },
silly resolved        { name: 'Hank Sims' },
silly resolved        { name: 'Aivo Paas' },
silly resolved        { name: 'Paul Carey' },
silly resolved        { name: 'Pieter Noordhuis' },
silly resolved        { name: 'Andy Ray' },
silly resolved        { name: 'Vladimir Dronnikov' },
silly resolved        { name: 'Dave Hoover' } ],
silly resolved     main: './index.js',
silly resolved     scripts: { test: 'node ./test.js' },
silly resolved     repository: { type: 'git', url: 'git://github.com/mranney/node_redis.git' },
silly resolved     _id: 'redis@0.6.7',
silly resolved     dependencies: {},
silly resolved     devDependencies: {},
silly resolved     engines: { node: '*' },
silly resolved     _engineSupported: true,
silly resolved     _npmVersion: '1.1.0-beta-7',
silly resolved     _nodeVersion: 'v0.7.0-pre',
silly resolved     _defaultsLoaded: true },
silly resolved   { name: 'socket.io-client',
silly resolved     description: 'Socket.IO client for the browser and node.js',
silly resolved     version: '0.8.7',
silly resolved     main: './lib/io.js',
silly resolved     browserify: './dist/socket.io.js',
silly resolved     homepage: 'http://socket.io',
silly resolved     keywords: [ 'websocket', 'socket', 'realtime', 'socket.io', 'comet', 'ajax' ],
silly resolved     author: { name: 'Guillermo Rauch', email: 'guillermo@learnboost.com' },
silly resolved     contributors: 
silly resolved      [ { name: 'Guillermo Rauch', email: 'rauchg@gmail.com' },
silly resolved        { name: 'Arnout Kazemier', email: 'info@3rd-eden.com' },
silly resolved        { name: 'Vladimir Dronnikov', email: 'dronnikov@gmail.com' },
silly resolved        { name: 'Einar Otto Stangvik', email: 'einaros@gmail.com' } ],
silly resolved     repository: 
silly resolved      { type: 'git',
silly resolved        url: 'git://github.com/LearnBoost/socket.io-client.git' },
silly resolved     dependencies: 
silly resolved      { 'uglify-js': '1.0.6',
silly resolved        'websocket-client': '1.0.0',
silly resolved        xmlhttprequest: '1.2.2' },
silly resolved     devDependencies: 
silly resolved      { expresso: '0.7.7',
silly resolved        express: '2.3.11',
silly resolved        jade: '0.12.1',
silly resolved        stylus: '0.13.3',
silly resolved        'socket.io': '0.8.7',
silly resolved        'socket.io-client': '0.8.7' },
silly resolved     engines: { node: '>= 0.4.0' },
silly resolved     _id: 'socket.io-client@0.8.7',
silly resolved     _engineSupported: true,
silly resolved     _npmVersion: '1.1.0-beta-7',
silly resolved     _nodeVersion: 'v0.7.0-pre',
silly resolved     _defaultsLoaded: true },
silly resolved   { name: 'policyfile',
silly resolved     version: '0.0.4',
silly resolved     author: { name: 'Arnout Kazemier' },
silly resolved     description: 'Flash Socket Policy File Server. A server to respond to Flash Socket Policy requests, both inline and through a dedicated server instance.',
silly resolved     main: 'index',
silly resolved     keywords: 
silly resolved      [ 'flash',
silly resolved        'socket',
silly resolved        'policy',
silly resolved        'file',
silly resolved        'server',
silly resolved        'Flash Socket Policy File Server',
silly resolved        'cross domain' ],
silly resolved     directories: { lib: './lib' },
silly resolved     maintainers: 
silly resolved      [ { name: 'Arnout Kazemier',
silly resolved          email: 'info@3rd-Eden.com',
silly resolved          url: 'http://blog.3rd-Eden.com' } ],
silly resolved     licenses: 
silly resolved      [ { type: 'MIT',
silly resolved          url: 'https://github.com/3rd-Eden/FlashPolicyFileServer/blob/master/LICENSE' } ],
silly resolved     repositories: 
silly resolved      [ { type: 'git',
silly resolved          url: 'https://github.com/3rd-Eden/FlashPolicyFileServer.git' } ],
silly resolved     _id: 'policyfile@0.0.4',
silly resolved     dependencies: {},
silly resolved     devDependencies: {},
silly resolved     engines: { node: '*' },
silly resolved     _engineSupported: true,
silly resolved     _npmVersion: '1.1.0-beta-7',
silly resolved     _nodeVersion: 'v0.7.0-pre',
silly resolved     _defaultsLoaded: true,
silly resolved     scripts: {} } ]
info into /mnt/hgfs/W/node/loggerv2/node_modules/now/node_modules/socket.io redis@0.6.7
info into /mnt/hgfs/W/node/loggerv2/node_modules/now/node_modules/socket.io socket.io-client@0.8.7
info into /mnt/hgfs/W/node/loggerv2/node_modules/now/node_modules/socket.io policyfile@0.0.4
info installOne redis@0.6.7
info installOne socket.io-client@0.8.7
info installOne policyfile@0.0.4
info unbuild /mnt/hgfs/W/node/loggerv2/node_modules/now/node_modules/socket.io/node_modules/redis
info unbuild /mnt/hgfs/W/node/loggerv2/node_modules/now/node_modules/socket.io/node_modules/socket.io-client
info unbuild /mnt/hgfs/W/node/loggerv2/node_modules/now/node_modules/socket.io/node_modules/policyfile
verbose from cache /home/aoj-d/.npm/redis/0.6.7/package/package.json
verbose from cache /home/aoj-d/.npm/socket.io-client/0.8.7/package/package.json
verbose from cache /home/aoj-d/.npm/policyfile/0.0.4/package/package.json
verbose mkdir (expected) error ENOENT, no such file or directory '/mnt/hgfs/W/node/loggerv2/node_modules/now/node_modules/socket.io/node_modules'
verbose mkdir (expected) error ENOENT, no such file or directory '/mnt/hgfs/W/node/loggerv2/node_modules/now/node_modules/socket.io/node_modules/___policyfile.npm'
verbose mkdir (expected) error ENOENT, no such file or directory '/mnt/hgfs/W/node/loggerv2/node_modules/now/node_modules/socket.io/node_modules/___redis.npm'
verbose mkdir done: /mnt/hgfs/W/node/loggerv2/node_modules/now/node_modules/socket.io/node_modules/___policyfile.npm 755
verbose mkdir (expected) error ENOENT, no such file or directory '/mnt/hgfs/W/node/loggerv2/node_modules/now/node_modules/socket.io/node_modules/___socket.io-client.npm'
verbose unpack_ uid, gid [ undefined, undefined ]
verbose unpackTarget /mnt/hgfs/W/node/loggerv2/node_modules/now/node_modules/socket.io/node_modules/policyfile
silly gunzTarPerm modes [ '755', '644' ]
verbose mkdir done: /mnt/hgfs/W/node/loggerv2/node_modules/now/node_modules/socket.io/node_modules/___socket.io-client.npm 755
verbose mkdir done: /mnt/hgfs/W/node/loggerv2/node_modules/now/node_modules/socket.io/node_modules/___redis.npm 755
verbose unpack_ uid, gid [ undefined, undefined ]
verbose unpackTarget /mnt/hgfs/W/node/loggerv2/node_modules/now/node_modules/socket.io/node_modules/socket.io-client
silly gunzTarPerm modes [ '755', '644' ]
verbose unpack_ uid, gid [ undefined, undefined ]
verbose unpackTarget /mnt/hgfs/W/node/loggerv2/node_modules/now/node_modules/socket.io/node_modules/redis
silly gunzTarPerm modes [ '755', '644' ]
info postinstall node-proxy@0.5.2
verbose installOne cb node-proxy@0.5.2
silly afterUntar undefined
silly asyncMap in gTP /mnt/hgfs/W/node/loggerv2/node_modules/now/node_modules/socket.io/node_modules/___policyfile.npm/package
silly asyncMap in gTP /mnt/hgfs/W/node/loggerv2/node_modules/now/node_modules/socket.io/node_modules/___policyfile.npm/package/.npmignore
silly asyncMap in gTP /mnt/hgfs/W/node/loggerv2/node_modules/now/node_modules/socket.io/node_modules/___policyfile.npm/package/index.js
silly asyncMap in gTP /mnt/hgfs/W/node/loggerv2/node_modules/now/node_modules/socket.io/node_modules/___policyfile.npm/package/LICENSE
silly asyncMap in gTP /mnt/hgfs/W/node/loggerv2/node_modules/now/node_modules/socket.io/node_modules/___policyfile.npm/package/package.json
silly asyncMap in gTP /mnt/hgfs/W/node/loggerv2/node_modules/now/node_modules/socket.io/node_modules/___policyfile.npm/package/Makefile
silly asyncMap in gTP /mnt/hgfs/W/node/loggerv2/node_modules/now/node_modules/socket.io/node_modules/___policyfile.npm/package/README.md
silly asyncMap in gTP /mnt/hgfs/W/node/loggerv2/node_modules/now/node_modules/socket.io/node_modules/___policyfile.npm/package/lib
silly asyncMap in gTP /mnt/hgfs/W/node/loggerv2/node_modules/now/node_modules/socket.io/node_modules/___policyfile.npm/package/lib/server.js
silly asyncMap in gTP /mnt/hgfs/W/node/loggerv2/node_modules/now/node_modules/socket.io/node_modules/___policyfile.npm/package/doc
silly asyncMap in gTP /mnt/hgfs/W/node/loggerv2/node_modules/now/node_modules/socket.io/node_modules/___policyfile.npm/package/doc/index.html
silly asyncMap in gTP /mnt/hgfs/W/node/loggerv2/node_modules/now/node_modules/socket.io/node_modules/___policyfile.npm/package/examples
silly asyncMap in gTP /mnt/hgfs/W/node/loggerv2/node_modules/now/node_modules/socket.io/node_modules/___policyfile.npm/package/examples/basic.fallback.js
silly asyncMap in gTP /mnt/hgfs/W/node/loggerv2/node_modules/now/node_modules/socket.io/node_modules/___policyfile.npm/package/examples/basic.js
silly asyncMap in gTP /mnt/hgfs/W/node/loggerv2/node_modules/now/node_modules/socket.io/node_modules/___policyfile.npm/package/tests
silly asyncMap in gTP /mnt/hgfs/W/node/loggerv2/node_modules/now/node_modules/socket.io/node_modules/___policyfile.npm/package/tests/unit.test.js
silly asyncMap in gTP /mnt/hgfs/W/node/loggerv2/node_modules/now/node_modules/socket.io/node_modules/___policyfile.npm/package/tests/ssl
silly asyncMap in gTP /mnt/hgfs/W/node/loggerv2/node_modules/now/node_modules/socket.io/node_modules/___policyfile.npm/package/tests/ssl/ssl.crt
silly asyncMap in gTP /mnt/hgfs/W/node/loggerv2/node_modules/now/node_modules/socket.io/node_modules/___policyfile.npm/package/tests/ssl/ssl.private.key
silly chmod package 755
silly chmod index.js 755
silly chmod package.json 755
silly chmod Makefile 755
silly chmod lib 755
silly chmod .npmignore 755
silly chmod README.md 755
silly chmod doc 755
silly chmod basic.fallback.js 755
silly chmod tests 755
silly chmod ssl 755
silly chmod LICENSE 755
silly chmod examples 755
silly chmod ssl.crt 755
silly chmod server.js 755
silly chmod unit.test.js 755
silly chmod index.html 755
silly chmod ssl.private.key 755
silly chmod basic.js 755
verbose gunzed /mnt/hgfs/W/node/loggerv2/node_modules/now/node_modules/socket.io/node_modules/___policyfile.npm/package
verbose rm'ed /mnt/hgfs/W/node/loggerv2/node_modules/now/node_modules/socket.io/node_modules/policyfile
verbose renamed [ '/mnt/hgfs/W/node/loggerv2/node_modules/now/node_modules/socket.io/node_modules/___policyfile.npm/package',
verbose renamed   '/mnt/hgfs/W/node/loggerv2/node_modules/now/node_modules/socket.io/node_modules/policyfile' ]
verbose caching /mnt/hgfs/W/node/loggerv2/node_modules/now/node_modules/socket.io/node_modules/policyfile/package.json
verbose loadDefaults policyfile@0.0.4
info preinstall policyfile@0.0.4
verbose from cache /mnt/hgfs/W/node/loggerv2/node_modules/now/node_modules/socket.io/node_modules/policyfile/package.json
verbose into /mnt/hgfs/W/node/loggerv2/node_modules/now/node_modules/socket.io/node_modules/policyfile []
silly resolved []
verbose about to build /mnt/hgfs/W/node/loggerv2/node_modules/now/node_modules/socket.io/node_modules/policyfile
info build /mnt/hgfs/W/node/loggerv2/node_modules/now/node_modules/socket.io/node_modules/policyfile
verbose from cache /mnt/hgfs/W/node/loggerv2/node_modules/now/node_modules/socket.io/node_modules/policyfile/package.json
verbose linkStuff [ false,
verbose linkStuff   false,
verbose linkStuff   false,
verbose linkStuff   '/mnt/hgfs/W/node/loggerv2/node_modules/now/node_modules/socket.io/node_modules' ]
info linkStuff policyfile@0.0.4
verbose linkBins policyfile@0.0.4
verbose linkMans policyfile@0.0.4
verbose rebuildBundles policyfile@0.0.4
info install policyfile@0.0.4
info postinstall policyfile@0.0.4
verbose installOne cb policyfile@0.0.4
silly afterUntar undefined
silly asyncMap in gTP /mnt/hgfs/W/node/loggerv2/node_modules/now/node_modules/socket.io/node_modules/___redis.npm/package
silly asyncMap in gTP /mnt/hgfs/W/node/loggerv2/node_modules/now/node_modules/socket.io/node_modules/___redis.npm/package/changelog.md
silly asyncMap in gTP /mnt/hgfs/W/node/loggerv2/node_modules/now/node_modules/socket.io/node_modules/___redis.npm/package/index.js
silly asyncMap in gTP /mnt/hgfs/W/node/loggerv2/node_modules/now/node_modules/socket.io/node_modules/___redis.npm/package/eval_test.js
silly asyncMap in gTP /mnt/hgfs/W/node/loggerv2/node_modules/now/node_modules/socket.io/node_modules/___redis.npm/package/multi_bench.js
silly asyncMap in gTP /mnt/hgfs/W/node/loggerv2/node_modules/now/node_modules/socket.io/node_modules/___redis.npm/package/package.json
silly asyncMap in gTP /mnt/hgfs/W/node/loggerv2/node_modules/now/node_modules/socket.io/node_modules/___redis.npm/package/README.md
silly asyncMap in gTP /mnt/hgfs/W/node/loggerv2/node_modules/now/node_modules/socket.io/node_modules/___redis.npm/package/generate_commands.js
silly asyncMap in gTP /mnt/hgfs/W/node/loggerv2/node_modules/now/node_modules/socket.io/node_modules/___redis.npm/package/test.js
silly asyncMap in gTP /mnt/hgfs/W/node/loggerv2/node_modules/now/node_modules/socket.io/node_modules/___redis.npm/package/simple_test.js
silly asyncMap in gTP /mnt/hgfs/W/node/loggerv2/node_modules/now/node_modules/socket.io/node_modules/___redis.npm/package/examples
silly asyncMap in gTP /mnt/hgfs/W/node/loggerv2/node_modules/now/node_modules/socket.io/node_modules/___redis.npm/package/examples/backpressure_drain.js
silly asyncMap in gTP /mnt/hgfs/W/node/loggerv2/node_modules/now/node_modules/socket.io/node_modules/___redis.npm/package/examples/extend.js
silly asyncMap in gTP /mnt/hgfs/W/node/loggerv2/node_modules/now/node_modules/socket.io/node_modules/___redis.npm/package/examples/file.js
silly asyncMap in gTP /mnt/hgfs/W/node/loggerv2/node_modules/now/node_modules/socket.io/node_modules/___redis.npm/package/examples/monitor.js
silly asyncMap in gTP /mnt/hgfs/W/node/loggerv2/node_modules/now/node_modules/socket.io/node_modules/___redis.npm/package/examples/auth.js
silly asyncMap in gTP /mnt/hgfs/W/node/loggerv2/node_modules/now/node_modules/socket.io/node_modules/___redis.npm/package/examples/multi2.js
silly asyncMap in gTP /mnt/hgfs/W/node/loggerv2/node_modules/now/node_modules/socket.io/node_modules/___redis.npm/package/examples/multi.js
silly asyncMap in gTP /mnt/hgfs/W/node/loggerv2/node_modules/now/node_modules/socket.io/node_modules/___redis.npm/package/examples/psubscribe.js
silly asyncMap in gTP /mnt/hgfs/W/node/loggerv2/node_modules/now/node_modules/socket.io/node_modules/___redis.npm/package/examples/mget.js
silly asyncMap in gTP /mnt/hgfs/W/node/loggerv2/node_modules/now/node_modules/socket.io/node_modules/___redis.npm/package/examples/subquery.js
silly asyncMap in gTP /mnt/hgfs/W/node/loggerv2/node_modules/now/node_modules/socket.io/node_modules/___redis.npm/package/examples/simple.js
silly asyncMap in gTP /mnt/hgfs/W/node/loggerv2/node_modules/now/node_modules/socket.io/node_modules/___redis.npm/package/examples/web_server.js
silly asyncMap in gTP /mnt/hgfs/W/node/loggerv2/node_modules/now/node_modules/socket.io/node_modules/___redis.npm/package/examples/pub_sub.js
silly asyncMap in gTP /mnt/hgfs/W/node/loggerv2/node_modules/now/node_modules/socket.io/node_modules/___redis.npm/package/examples/subqueries.js
silly asyncMap in gTP /mnt/hgfs/W/node/loggerv2/node_modules/now/node_modules/socket.io/node_modules/___redis.npm/package/examples/unix_socket.js
silly asyncMap in gTP /mnt/hgfs/W/node/loggerv2/node_modules/now/node_modules/socket.io/node_modules/___redis.npm/package/lib
silly asyncMap in gTP /mnt/hgfs/W/node/loggerv2/node_modules/now/node_modules/socket.io/node_modules/___redis.npm/package/lib/commands.js
silly asyncMap in gTP /mnt/hgfs/W/node/loggerv2/node_modules/now/node_modules/socket.io/node_modules/___redis.npm/package/lib/to_array.js
silly asyncMap in gTP /mnt/hgfs/W/node/loggerv2/node_modules/now/node_modules/socket.io/node_modules/___redis.npm/package/lib/queue.js
silly asyncMap in gTP /mnt/hgfs/W/node/loggerv2/node_modules/now/node_modules/socket.io/node_modules/___redis.npm/package/lib/util.js
silly asyncMap in gTP /mnt/hgfs/W/node/loggerv2/node_modules/now/node_modules/socket.io/node_modules/___redis.npm/package/lib/parser
silly asyncMap in gTP /mnt/hgfs/W/node/loggerv2/node_modules/now/node_modules/socket.io/node_modules/___redis.npm/package/lib/parser/javascript.js
silly asyncMap in gTP /mnt/hgfs/W/node/loggerv2/node_modules/now/node_modules/socket.io/node_modules/___redis.npm/package/lib/parser/hiredis.js
silly asyncMap in gTP /mnt/hgfs/W/node/loggerv2/node_modules/now/node_modules/socket.io/node_modules/___redis.npm/package/tests
silly asyncMap in gTP /mnt/hgfs/W/node/loggerv2/node_modules/now/node_modules/socket.io/node_modules/___redis.npm/package/tests/buffer_bench.js
silly asyncMap in gTP /mnt/hgfs/W/node/loggerv2/node_modules/now/node_modules/socket.io/node_modules/___redis.npm/package/tests/sub_quit_test.js
silly asyncMap in gTP /mnt/hgfs/W/node/loggerv2/node_modules/now/node_modules/socket.io/node_modules/___redis.npm/package/tests/reconnect_test.js
silly asyncMap in gTP /mnt/hgfs/W/node/loggerv2/node_modules/now/node_modules/socket.io/node_modules/___redis.npm/package/tests/test_start_stop.js
silly asyncMap in gTP /mnt/hgfs/W/node/loggerv2/node_modules/now/node_modules/socket.io/node_modules/___redis.npm/package/tests/stress
silly asyncMap in gTP /mnt/hgfs/W/node/loggerv2/node_modules/now/node_modules/socket.io/node_modules/___redis.npm/package/tests/stress/codec.js
silly asyncMap in gTP /mnt/hgfs/W/node/loggerv2/node_modules/now/node_modules/socket.io/node_modules/___redis.npm/package/tests/stress/pubsub
silly asyncMap in gTP /mnt/hgfs/W/node/loggerv2/node_modules/now/node_modules/socket.io/node_modules/___redis.npm/package/tests/stress/pubsub/pub.js
silly asyncMap in gTP /mnt/hgfs/W/node/loggerv2/node_modules/now/node_modules/socket.io/node_modules/___redis.npm/package/tests/stress/pubsub/server.js
silly asyncMap in gTP /mnt/hgfs/W/node/loggerv2/node_modules/now/node_modules/socket.io/node_modules/___redis.npm/package/tests/stress/pubsub/run
silly asyncMap in gTP /mnt/hgfs/W/node/loggerv2/node_modules/now/node_modules/socket.io/node_modules/___redis.npm/package/tests/stress/speed
silly asyncMap in gTP /mnt/hgfs/W/node/loggerv2/node_modules/now/node_modules/socket.io/node_modules/___redis.npm/package/tests/stress/speed/00
silly asyncMap in gTP /mnt/hgfs/W/node/loggerv2/node_modules/now/node_modules/socket.io/node_modules/___redis.npm/package/tests/stress/speed/speed.js
silly asyncMap in gTP /mnt/hgfs/W/node/loggerv2/node_modules/now/node_modules/socket.io/node_modules/___redis.npm/package/tests/stress/speed/plot
silly asyncMap in gTP /mnt/hgfs/W/node/loggerv2/node_modules/now/node_modules/socket.io/node_modules/___redis.npm/package/tests/stress/speed/size-rate.png
silly asyncMap in gTP /mnt/hgfs/W/node/loggerv2/node_modules/now/node_modules/socket.io/node_modules/___redis.npm/package/tests/stress/rpushblpop
silly asyncMap in gTP /mnt/hgfs/W/node/loggerv2/node_modules/now/node_modules/socket.io/node_modules/___redis.npm/package/tests/stress/rpushblpop/pub.js
silly asyncMap in gTP /mnt/hgfs/W/node/loggerv2/node_modules/now/node_modules/socket.io/node_modules/___redis.npm/package/tests/stress/rpushblpop/server.js
silly asyncMap in gTP /mnt/hgfs/W/node/loggerv2/node_modules/now/node_modules/socket.io/node_modules/___redis.npm/package/tests/stress/rpushblpop/run
silly chmod package 755
silly chmod changelog.md 755
silly chmod eval_test.js 755
silly chmod package.json 755
silly chmod test.js 755
silly chmod README.md 755
silly chmod backpressure_drain.js 755
silly chmod simple_test.js 755
silly chmod index.js 755
silly chmod generate_commands.js 755
silly chmod multi2.js 755
silly chmod multi_bench.js 755
silly chmod examples 755
silly chmod multi.js 755
silly chmod monitor.js 755
silly chmod subquery.js 755
silly chmod file.js 755
silly chmod psubscribe.js 755
silly chmod auth.js 755
silly chmod subqueries.js 755
silly chmod extend.js 755
silly chmod commands.js 755
silly chmod simple.js 755
silly chmod web_server.js 755
silly chmod lib 755
silly chmod queue.js 755
silly chmod pub_sub.js 755
silly chmod javascript.js 755
silly chmod hiredis.js 755
silly chmod mget.js 755
silly chmod to_array.js 755
silly chmod util.js 755
silly chmod buffer_bench.js 755
silly chmod reconnect_test.js 755
silly chmod parser 755
silly chmod unix_socket.js 755
silly chmod sub_quit_test.js 755
silly chmod stress 755
silly chmod pubsub 755
silly chmod tests 755
silly chmod speed 755
silly chmod pub.js 755
silly chmod test_start_stop.js 755
silly chmod server.js 755
silly chmod 00 755
silly chmod codec.js 755
silly chmod rpushblpop 755
silly chmod speed.js 755
silly chmod size-rate.png 755
silly chmod plot 755
silly chmod pub.js 755
silly chmod run 755
silly chmod run 755
silly chmod server.js 755
verbose gunzed /mnt/hgfs/W/node/loggerv2/node_modules/now/node_modules/socket.io/node_modules/___redis.npm/package
verbose rm'ed /mnt/hgfs/W/node/loggerv2/node_modules/now/node_modules/socket.io/node_modules/redis
verbose renamed [ '/mnt/hgfs/W/node/loggerv2/node_modules/now/node_modules/socket.io/node_modules/___redis.npm/package',
verbose renamed   '/mnt/hgfs/W/node/loggerv2/node_modules/now/node_modules/socket.io/node_modules/redis' ]
verbose caching /mnt/hgfs/W/node/loggerv2/node_modules/now/node_modules/socket.io/node_modules/redis/package.json
verbose loadDefaults redis@0.6.7
info preinstall redis@0.6.7
verbose from cache /mnt/hgfs/W/node/loggerv2/node_modules/now/node_modules/socket.io/node_modules/redis/package.json
verbose into /mnt/hgfs/W/node/loggerv2/node_modules/now/node_modules/socket.io/node_modules/redis []
silly resolved []
verbose about to build /mnt/hgfs/W/node/loggerv2/node_modules/now/node_modules/socket.io/node_modules/redis
info build /mnt/hgfs/W/node/loggerv2/node_modules/now/node_modules/socket.io/node_modules/redis
verbose from cache /mnt/hgfs/W/node/loggerv2/node_modules/now/node_modules/socket.io/node_modules/redis/package.json
verbose linkStuff [ false,
verbose linkStuff   false,
verbose linkStuff   false,
verbose linkStuff   '/mnt/hgfs/W/node/loggerv2/node_modules/now/node_modules/socket.io/node_modules' ]
info linkStuff redis@0.6.7
verbose linkBins redis@0.6.7
verbose linkMans redis@0.6.7
verbose rebuildBundles redis@0.6.7
info install redis@0.6.7
info postinstall redis@0.6.7
verbose installOne cb redis@0.6.7
ERR! Error: UNKNOWN, unknown error 'io.js'
ERR! Report this *entire* log at:
ERR!     <http://github.com/isaacs/npm/issues>
ERR! or email it to:
ERR!     <npm-@googlegroups.com>
ERR! 
ERR! System Linux 2.6.32-5-686
ERR! command "node" "/home/aoj-d/local/bin/npm" "install" "now"
ERR! cwd /mnt/hgfs/W/node/loggerv2
ERR! node -v v0.7.0-pre
ERR! npm -v 1.1.0-beta-7
ERR! path io.js
ERR! fstream_path /mnt/hgfs/W/node/loggerv2/node_modules/now/node_modules/socket.io/node_modules/___socket.io-client.npm/package/lib/socket.io-client.js
ERR! fstream_type SymbolicLink
ERR! fstream_class LinkWriter
ERR! fstream_linkpath io.js
ERR! code UNKNOWN
ERR! message UNKNOWN, unknown error 'io.js'
ERR! fstream_stack Object.oncomplete (/home/aoj-d/local/lib/node_modules/npm/node_modules/fstream/lib/link-writer.js:76:24)
verbose exit [ 1, true ]
